<?xml version="1.0" encoding="UTF-8"?>
<!-- Generated by org.testng.reporters.JUnitXMLReporter -->
<testsuite hostname="MC0XKJPC" ignored="0" name="Test(failed)" tests="1" failures="1" timestamp="02 Apr 2018 10:43:50 GMT" time="10.359" errors="0">
  <testcase name="Home" time="8.764" classname="DataDrivenFramework.LoginFail">
    <failure type="java.lang.AssertionError" message="expected [true] but found [false]">
      <![CDATA[java.lang.AssertionError: expected [true] but found [false]at DataDrivenFramework.LoginFail.Home(LoginFail.java:37)... Removed 29 stack frames]]>
    </failure>
  </testcase> <!-- Home -->
</testsuite> <!-- Test(failed) -->
